
{"level":"error","message":"prueba error"}
{"level":"fatal","message":"prueba fatal"}
{"level":"error","message":"You are not allowed to add your own product to your cart"}
{"level":"error","message":"Cannot read properties of undefined (reading 'cart')"}
{"level":"error","message":"Cannot read properties of undefined (reading 'products')"}
{"level":"error","message":"Cannot read properties of undefined (reading 'products')"}
{"level":"error","message":"Cannot read properties of undefined (reading 'products')"}
{"level":"error","message":"Cannot read properties of undefined (reading 'proddsfsucts')"}
{"level":"error","message":"Cannot read properties of undefined (reading 'proddsfsucts')"}
{"level":"error","message":"Cannot read properties of undefined (reading 'products')"}
{"level":"error","message":"Cannot read properties of undefined (reading 'products')"}
{"level":"error","message":"Cannot access 'result' before initialization"}
{"level":"error","message":"Cannot access 'cartToCreate' before initialization"}
{"level":"error","message":"Cannot read properties of undefined (reading '_id')"}
{"level":"error","message":"Cannot read properties of undefined (reading 'id')"}
{"level":"error","message":"Cannot read properties of undefined (reading 'title')"}
{"level":"error","message":"Cannot read properties of null (reading '_id')"}
{"level":"error","message":"Cannot read properties of null (reading 'title')"}
{"level":"error","message":"Cannot read properties of null (reading 'title')"}
{"level":"error","message":"Cannot read properties of null (reading 'title')"}
{"level":"error","message":"Cannot read properties of null (reading 'title')"}
{"level":"error","message":"Cannot read properties of null (reading 'title')"}
{"level":"error","message":"Cannot read properties of undefined (reading 'toString')"}
